<?xml version="1.0" encoding="UTF-8"?>
<testsuite xmlns:xsi="http://www.w3.org/2001/XMLSchema-instance" xsi:noNamespaceSchemaLocation="https://maven.apache.org/surefire/maven-surefire-plugin/xsd/surefire-test-report.xsd" name="com.mo.MoApplicationTests" time="4.366" tests="1" errors="0" skipped="0" failures="0">
  <properties>
    <property name="sun.desktop" value="windows"/>
    <property name="awt.toolkit" value="sun.awt.windows.WToolkit"/>
    <property name="file.encoding.pkg" value="sun.io"/>
    <property name="java.specification.version" value="1.8"/>
    <property name="sun.cpu.isalist" value="amd64"/>
    <property name="sun.jnu.encoding" value="GBK"/>
    <property name="java.class.path" value="F:\IdeaProjects\inventory_management_system\target\test-classes;F:\IdeaProjects\inventory_management_system\target\classes;E:\tools\myRepository\org\springframework\boot\spring-boot-starter-thymeleaf\2.4.3\spring-boot-starter-thymeleaf-2.4.3.jar;E:\tools\myRepository\org\springframework\boot\spring-boot-starter\2.4.3\spring-boot-starter-2.4.3.jar;E:\tools\myRepository\org\springframework\boot\spring-boot-starter-logging\2.4.3\spring-boot-starter-logging-2.4.3.jar;E:\tools\myRepository\ch\qos\logback\logback-classic\1.2.3\logback-classic-1.2.3.jar;E:\tools\myRepository\ch\qos\logback\logback-core\1.2.3\logback-core-1.2.3.jar;E:\tools\myRepository\org\apache\logging\log4j\log4j-to-slf4j\2.13.3\log4j-to-slf4j-2.13.3.jar;E:\tools\myRepository\org\apache\logging\log4j\log4j-api\2.13.3\log4j-api-2.13.3.jar;E:\tools\myRepository\org\slf4j\jul-to-slf4j\1.7.30\jul-to-slf4j-1.7.30.jar;E:\tools\myRepository\jakarta\annotation\jakarta.annotation-api\1.3.5\jakarta.annotation-api-1.3.5.jar;E:\tools\myRepository\org\yaml\snakeyaml\1.27\snakeyaml-1.27.jar;E:\tools\myRepository\org\thymeleaf\thymeleaf-spring5\3.0.12.RELEASE\thymeleaf-spring5-3.0.12.RELEASE.jar;E:\tools\myRepository\org\thymeleaf\thymeleaf\3.0.12.RELEASE\thymeleaf-3.0.12.RELEASE.jar;E:\tools\myRepository\org\attoparser\attoparser\2.0.5.RELEASE\attoparser-2.0.5.RELEASE.jar;E:\tools\myRepository\org\unbescape\unbescape\1.1.6.RELEASE\unbescape-1.1.6.RELEASE.jar;E:\tools\myRepository\org\slf4j\slf4j-api\1.7.30\slf4j-api-1.7.30.jar;E:\tools\myRepository\org\thymeleaf\extras\thymeleaf-extras-java8time\3.0.4.RELEASE\thymeleaf-extras-java8time-3.0.4.RELEASE.jar;E:\tools\myRepository\org\springframework\boot\spring-boot-starter-web\2.4.3\spring-boot-starter-web-2.4.3.jar;E:\tools\myRepository\org\springframework\boot\spring-boot-starter-json\2.4.3\spring-boot-starter-json-2.4.3.jar;E:\tools\myRepository\com\fasterxml\jackson\core\jackson-databind\2.11.4\jackson-databind-2.11.4.jar;E:\tools\myRepository\com\fasterxml\jackson\core\jackson-annotations\2.11.4\jackson-annotations-2.11.4.jar;E:\tools\myRepository\com\fasterxml\jackson\core\jackson-core\2.11.4\jackson-core-2.11.4.jar;E:\tools\myRepository\com\fasterxml\jackson\datatype\jackson-datatype-jdk8\2.11.4\jackson-datatype-jdk8-2.11.4.jar;E:\tools\myRepository\com\fasterxml\jackson\datatype\jackson-datatype-jsr310\2.11.4\jackson-datatype-jsr310-2.11.4.jar;E:\tools\myRepository\com\fasterxml\jackson\module\jackson-module-parameter-names\2.11.4\jackson-module-parameter-names-2.11.4.jar;E:\tools\myRepository\org\springframework\boot\spring-boot-starter-tomcat\2.4.3\spring-boot-starter-tomcat-2.4.3.jar;E:\tools\myRepository\org\apache\tomcat\embed\tomcat-embed-core\9.0.43\tomcat-embed-core-9.0.43.jar;E:\tools\myRepository\org\glassfish\jakarta.el\3.0.3\jakarta.el-3.0.3.jar;E:\tools\myRepository\org\apache\tomcat\embed\tomcat-embed-websocket\9.0.43\tomcat-embed-websocket-9.0.43.jar;E:\tools\myRepository\org\springframework\spring-web\5.3.4\spring-web-5.3.4.jar;E:\tools\myRepository\org\springframework\spring-beans\5.3.4\spring-beans-5.3.4.jar;E:\tools\myRepository\org\springframework\spring-webmvc\5.3.4\spring-webmvc-5.3.4.jar;E:\tools\myRepository\org\springframework\spring-aop\5.3.4\spring-aop-5.3.4.jar;E:\tools\myRepository\org\springframework\spring-context\5.3.4\spring-context-5.3.4.jar;E:\tools\myRepository\org\springframework\spring-expression\5.3.4\spring-expression-5.3.4.jar;E:\tools\myRepository\org\mybatis\spring\boot\mybatis-spring-boot-starter\2.1.4\mybatis-spring-boot-starter-2.1.4.jar;E:\tools\myRepository\org\springframework\boot\spring-boot-starter-jdbc\2.4.3\spring-boot-starter-jdbc-2.4.3.jar;E:\tools\myRepository\com\zaxxer\HikariCP\3.4.5\HikariCP-3.4.5.jar;E:\tools\myRepository\org\springframework\spring-jdbc\5.3.4\spring-jdbc-5.3.4.jar;E:\tools\myRepository\org\springframework\spring-tx\5.3.4\spring-tx-5.3.4.jar;E:\tools\myRepository\org\mybatis\spring\boot\mybatis-spring-boot-autoconfigure\2.1.4\mybatis-spring-boot-autoconfigure-2.1.4.jar;E:\tools\myRepository\org\mybatis\mybatis\3.5.6\mybatis-3.5.6.jar;E:\tools\myRepository\org\mybatis\mybatis-spring\2.0.6\mybatis-spring-2.0.6.jar;E:\tools\myRepository\com\alibaba\fastjson\1.2.13\fastjson-1.2.13.jar;E:\tools\myRepository\org\springframework\boot\spring-boot-devtools\2.4.3\spring-boot-devtools-2.4.3.jar;E:\tools\myRepository\org\springframework\boot\spring-boot\2.4.3\spring-boot-2.4.3.jar;E:\tools\myRepository\org\springframework\boot\spring-boot-autoconfigure\2.4.3\spring-boot-autoconfigure-2.4.3.jar;E:\tools\myRepository\mysql\mysql-connector-java\8.0.23\mysql-connector-java-8.0.23.jar;E:\tools\myRepository\org\springframework\boot\spring-boot-configuration-processor\2.4.3\spring-boot-configuration-processor-2.4.3.jar;E:\tools\myRepository\org\springframework\boot\spring-boot-starter-test\2.4.3\spring-boot-starter-test-2.4.3.jar;E:\tools\myRepository\org\springframework\boot\spring-boot-test\2.4.3\spring-boot-test-2.4.3.jar;E:\tools\myRepository\org\springframework\boot\spring-boot-test-autoconfigure\2.4.3\spring-boot-test-autoconfigure-2.4.3.jar;E:\tools\myRepository\com\jayway\jsonpath\json-path\2.4.0\json-path-2.4.0.jar;E:\tools\myRepository\net\minidev\json-smart\2.3\json-smart-2.3.jar;E:\tools\myRepository\net\minidev\accessors-smart\1.2\accessors-smart-1.2.jar;E:\tools\myRepository\org\ow2\asm\asm\5.0.4\asm-5.0.4.jar;E:\tools\myRepository\jakarta\xml\bind\jakarta.xml.bind-api\2.3.3\jakarta.xml.bind-api-2.3.3.jar;E:\tools\myRepository\jakarta\activation\jakarta.activation-api\1.2.2\jakarta.activation-api-1.2.2.jar;E:\tools\myRepository\org\assertj\assertj-core\3.18.1\assertj-core-3.18.1.jar;E:\tools\myRepository\org\hamcrest\hamcrest\2.2\hamcrest-2.2.jar;E:\tools\myRepository\org\junit\jupiter\junit-jupiter\5.7.1\junit-jupiter-5.7.1.jar;E:\tools\myRepository\org\junit\jupiter\junit-jupiter-api\5.7.1\junit-jupiter-api-5.7.1.jar;E:\tools\myRepository\org\apiguardian\apiguardian-api\1.1.0\apiguardian-api-1.1.0.jar;E:\tools\myRepository\org\opentest4j\opentest4j\1.2.0\opentest4j-1.2.0.jar;E:\tools\myRepository\org\junit\platform\junit-platform-commons\1.7.1\junit-platform-commons-1.7.1.jar;E:\tools\myRepository\org\junit\jupiter\junit-jupiter-params\5.7.1\junit-jupiter-params-5.7.1.jar;E:\tools\myRepository\org\junit\jupiter\junit-jupiter-engine\5.7.1\junit-jupiter-engine-5.7.1.jar;E:\tools\myRepository\org\junit\platform\junit-platform-engine\1.7.1\junit-platform-engine-1.7.1.jar;E:\tools\myRepository\org\mockito\mockito-core\3.6.28\mockito-core-3.6.28.jar;E:\tools\myRepository\net\bytebuddy\byte-buddy\1.10.20\byte-buddy-1.10.20.jar;E:\tools\myRepository\net\bytebuddy\byte-buddy-agent\1.10.20\byte-buddy-agent-1.10.20.jar;E:\tools\myRepository\org\objenesis\objenesis\3.1\objenesis-3.1.jar;E:\tools\myRepository\org\mockito\mockito-junit-jupiter\3.6.28\mockito-junit-jupiter-3.6.28.jar;E:\tools\myRepository\org\skyscreamer\jsonassert\1.5.0\jsonassert-1.5.0.jar;E:\tools\myRepository\com\vaadin\external\google\android-json\0.0.20131108.vaadin1\android-json-0.0.20131108.vaadin1.jar;E:\tools\myRepository\org\springframework\spring-core\5.3.4\spring-core-5.3.4.jar;E:\tools\myRepository\org\springframework\spring-jcl\5.3.4\spring-jcl-5.3.4.jar;E:\tools\myRepository\org\springframework\spring-test\5.3.4\spring-test-5.3.4.jar;E:\tools\myRepository\org\xmlunit\xmlunit-core\2.7.0\xmlunit-core-2.7.0.jar;E:\tools\myRepository\org\projectlombok\lombok\1.16.20\lombok-1.16.20.jar;"/>
    <property name="java.vm.vendor" value="Oracle Corporation"/>
    <property name="sun.arch.data.model" value="64"/>
    <property name="user.variant" value=""/>
    <property name="java.vendor.url" value="http://java.oracle.com/"/>
    <property name="user.timezone" value="Asia/Shanghai"/>
    <property name="java.vm.specification.version" value="1.8"/>
    <property name="os.name" value="Windows 10"/>
    <property name="user.country" value="CN"/>
    <property name="sun.java.launcher" value="SUN_STANDARD"/>
    <property name="sun.boot.library.path" value="C:\Program Files\Java\jdk1.8.0_92\jre\bin"/>
    <property name="sun.java.command" value="C:\Users\22879\AppData\Local\Temp\surefire152786258147219346\surefirebooter4959879534669321375.jar C:\Users\22879\AppData\Local\Temp\surefire152786258147219346 2021-04-02T00-40-45_882-jvmRun1 surefire5799393900782634369tmp surefire_01217276274187423629tmp"/>
    <property name="surefire.test.class.path" value="F:\IdeaProjects\inventory_management_system\target\test-classes;F:\IdeaProjects\inventory_management_system\target\classes;E:\tools\myRepository\org\springframework\boot\spring-boot-starter-thymeleaf\2.4.3\spring-boot-starter-thymeleaf-2.4.3.jar;E:\tools\myRepository\org\springframework\boot\spring-boot-starter\2.4.3\spring-boot-starter-2.4.3.jar;E:\tools\myRepository\org\springframework\boot\spring-boot-starter-logging\2.4.3\spring-boot-starter-logging-2.4.3.jar;E:\tools\myRepository\ch\qos\logback\logback-classic\1.2.3\logback-classic-1.2.3.jar;E:\tools\myRepository\ch\qos\logback\logback-core\1.2.3\logback-core-1.2.3.jar;E:\tools\myRepository\org\apache\logging\log4j\log4j-to-slf4j\2.13.3\log4j-to-slf4j-2.13.3.jar;E:\tools\myRepository\org\apache\logging\log4j\log4j-api\2.13.3\log4j-api-2.13.3.jar;E:\tools\myRepository\org\slf4j\jul-to-slf4j\1.7.30\jul-to-slf4j-1.7.30.jar;E:\tools\myRepository\jakarta\annotation\jakarta.annotation-api\1.3.5\jakarta.annotation-api-1.3.5.jar;E:\tools\myRepository\org\yaml\snakeyaml\1.27\snakeyaml-1.27.jar;E:\tools\myRepository\org\thymeleaf\thymeleaf-spring5\3.0.12.RELEASE\thymeleaf-spring5-3.0.12.RELEASE.jar;E:\tools\myRepository\org\thymeleaf\thymeleaf\3.0.12.RELEASE\thymeleaf-3.0.12.RELEASE.jar;E:\tools\myRepository\org\attoparser\attoparser\2.0.5.RELEASE\attoparser-2.0.5.RELEASE.jar;E:\tools\myRepository\org\unbescape\unbescape\1.1.6.RELEASE\unbescape-1.1.6.RELEASE.jar;E:\tools\myRepository\org\slf4j\slf4j-api\1.7.30\slf4j-api-1.7.30.jar;E:\tools\myRepository\org\thymeleaf\extras\thymeleaf-extras-java8time\3.0.4.RELEASE\thymeleaf-extras-java8time-3.0.4.RELEASE.jar;E:\tools\myRepository\org\springframework\boot\spring-boot-starter-web\2.4.3\spring-boot-starter-web-2.4.3.jar;E:\tools\myRepository\org\springframework\boot\spring-boot-starter-json\2.4.3\spring-boot-starter-json-2.4.3.jar;E:\tools\myRepository\com\fasterxml\jackson\core\jackson-databind\2.11.4\jackson-databind-2.11.4.jar;E:\tools\myRepository\com\fasterxml\jackson\core\jackson-annotations\2.11.4\jackson-annotations-2.11.4.jar;E:\tools\myRepository\com\fasterxml\jackson\core\jackson-core\2.11.4\jackson-core-2.11.4.jar;E:\tools\myRepository\com\fasterxml\jackson\datatype\jackson-datatype-jdk8\2.11.4\jackson-datatype-jdk8-2.11.4.jar;E:\tools\myRepository\com\fasterxml\jackson\datatype\jackson-datatype-jsr310\2.11.4\jackson-datatype-jsr310-2.11.4.jar;E:\tools\myRepository\com\fasterxml\jackson\module\jackson-module-parameter-names\2.11.4\jackson-module-parameter-names-2.11.4.jar;E:\tools\myRepository\org\springframework\boot\spring-boot-starter-tomcat\2.4.3\spring-boot-starter-tomcat-2.4.3.jar;E:\tools\myRepository\org\apache\tomcat\embed\tomcat-embed-core\9.0.43\tomcat-embed-core-9.0.43.jar;E:\tools\myRepository\org\glassfish\jakarta.el\3.0.3\jakarta.el-3.0.3.jar;E:\tools\myRepository\org\apache\tomcat\embed\tomcat-embed-websocket\9.0.43\tomcat-embed-websocket-9.0.43.jar;E:\tools\myRepository\org\springframework\spring-web\5.3.4\spring-web-5.3.4.jar;E:\tools\myRepository\org\springframework\spring-beans\5.3.4\spring-beans-5.3.4.jar;E:\tools\myRepository\org\springframework\spring-webmvc\5.3.4\spring-webmvc-5.3.4.jar;E:\tools\myRepository\org\springframework\spring-aop\5.3.4\spring-aop-5.3.4.jar;E:\tools\myRepository\org\springframework\spring-context\5.3.4\spring-context-5.3.4.jar;E:\tools\myRepository\org\springframework\spring-expression\5.3.4\spring-expression-5.3.4.jar;E:\tools\myRepository\org\mybatis\spring\boot\mybatis-spring-boot-starter\2.1.4\mybatis-spring-boot-starter-2.1.4.jar;E:\tools\myRepository\org\springframework\boot\spring-boot-starter-jdbc\2.4.3\spring-boot-starter-jdbc-2.4.3.jar;E:\tools\myRepository\com\zaxxer\HikariCP\3.4.5\HikariCP-3.4.5.jar;E:\tools\myRepository\org\springframework\spring-jdbc\5.3.4\spring-jdbc-5.3.4.jar;E:\tools\myRepository\org\springframework\spring-tx\5.3.4\spring-tx-5.3.4.jar;E:\tools\myRepository\org\mybatis\spring\boot\mybatis-spring-boot-autoconfigure\2.1.4\mybatis-spring-boot-autoconfigure-2.1.4.jar;E:\tools\myRepository\org\mybatis\mybatis\3.5.6\mybatis-3.5.6.jar;E:\tools\myRepository\org\mybatis\mybatis-spring\2.0.6\mybatis-spring-2.0.6.jar;E:\tools\myRepository\com\alibaba\fastjson\1.2.13\fastjson-1.2.13.jar;E:\tools\myRepository\org\springframework\boot\spring-boot-devtools\2.4.3\spring-boot-devtools-2.4.3.jar;E:\tools\myRepository\org\springframework\boot\spring-boot\2.4.3\spring-boot-2.4.3.jar;E:\tools\myRepository\org\springframework\boot\spring-boot-autoconfigure\2.4.3\spring-boot-autoconfigure-2.4.3.jar;E:\tools\myRepository\mysql\mysql-connector-java\8.0.23\mysql-connector-java-8.0.23.jar;E:\tools\myRepository\org\springframework\boot\spring-boot-configuration-processor\2.4.3\spring-boot-configuration-processor-2.4.3.jar;E:\tools\myRepository\org\springframework\boot\spring-boot-starter-test\2.4.3\spring-boot-starter-test-2.4.3.jar;E:\tools\myRepository\org\springframework\boot\spring-boot-test\2.4.3\spring-boot-test-2.4.3.jar;E:\tools\myRepository\org\springframework\boot\spring-boot-test-autoconfigure\2.4.3\spring-boot-test-autoconfigure-2.4.3.jar;E:\tools\myRepository\com\jayway\jsonpath\json-path\2.4.0\json-path-2.4.0.jar;E:\tools\myRepository\net\minidev\json-smart\2.3\json-smart-2.3.jar;E:\tools\myRepository\net\minidev\accessors-smart\1.2\accessors-smart-1.2.jar;E:\tools\myRepository\org\ow2\asm\asm\5.0.4\asm-5.0.4.jar;E:\tools\myRepository\jakarta\xml\bind\jakarta.xml.bind-api\2.3.3\jakarta.xml.bind-api-2.3.3.jar;E:\tools\myRepository\jakarta\activation\jakarta.activation-api\1.2.2\jakarta.activation-api-1.2.2.jar;E:\tools\myRepository\org\assertj\assertj-core\3.18.1\assertj-core-3.18.1.jar;E:\tools\myRepository\org\hamcrest\hamcrest\2.2\hamcrest-2.2.jar;E:\tools\myRepository\org\junit\jupiter\junit-jupiter\5.7.1\junit-jupiter-5.7.1.jar;E:\tools\myRepository\org\junit\jupiter\junit-jupiter-api\5.7.1\junit-jupiter-api-5.7.1.jar;E:\tools\myRepository\org\apiguardian\apiguardian-api\1.1.0\apiguardian-api-1.1.0.jar;E:\tools\myRepository\org\opentest4j\opentest4j\1.2.0\opentest4j-1.2.0.jar;E:\tools\myRepository\org\junit\platform\junit-platform-commons\1.7.1\junit-platform-commons-1.7.1.jar;E:\tools\myRepository\org\junit\jupiter\junit-jupiter-params\5.7.1\junit-jupiter-params-5.7.1.jar;E:\tools\myRepository\org\junit\jupiter\junit-jupiter-engine\5.7.1\junit-jupiter-engine-5.7.1.jar;E:\tools\myRepository\org\junit\platform\junit-platform-engine\1.7.1\junit-platform-engine-1.7.1.jar;E:\tools\myRepository\org\mockito\mockito-core\3.6.28\mockito-core-3.6.28.jar;E:\tools\myRepository\net\bytebuddy\byte-buddy\1.10.20\byte-buddy-1.10.20.jar;E:\tools\myRepository\net\bytebuddy\byte-buddy-agent\1.10.20\byte-buddy-agent-1.10.20.jar;E:\tools\myRepository\org\objenesis\objenesis\3.1\objenesis-3.1.jar;E:\tools\myRepository\org\mockito\mockito-junit-jupiter\3.6.28\mockito-junit-jupiter-3.6.28.jar;E:\tools\myRepository\org\skyscreamer\jsonassert\1.5.0\jsonassert-1.5.0.jar;E:\tools\myRepository\com\vaadin\external\google\android-json\0.0.20131108.vaadin1\android-json-0.0.20131108.vaadin1.jar;E:\tools\myRepository\org\springframework\spring-core\5.3.4\spring-core-5.3.4.jar;E:\tools\myRepository\org\springframework\spring-jcl\5.3.4\spring-jcl-5.3.4.jar;E:\tools\myRepository\org\springframework\spring-test\5.3.4\spring-test-5.3.4.jar;E:\tools\myRepository\org\xmlunit\xmlunit-core\2.7.0\xmlunit-core-2.7.0.jar;E:\tools\myRepository\org\projectlombok\lombok\1.16.20\lombok-1.16.20.jar;"/>
    <property name="sun.cpu.endian" value="little"/>
    <property name="user.home" value="C:\Users\22879"/>
    <property name="user.language" value="zh"/>
    <property name="java.specification.vendor" value="Oracle Corporation"/>
    <property name="idea.version2019.2.2" value="true"/>
    <property name="java.home" value="C:\Program Files\Java\jdk1.8.0_92\jre"/>
    <property name="basedir" value="F:\IdeaProjects\inventory_management_system"/>
    <property name="file.separator" value="\"/>
    <property name="line.separator" value="&#10;"/>
    <property name="java.vm.specification.vendor" value="Oracle Corporation"/>
    <property name="java.specification.name" value="Java Platform API Specification"/>
    <property name="java.awt.graphicsenv" value="sun.awt.Win32GraphicsEnvironment"/>
    <property name="surefire.real.class.path" value="C:\Users\22879\AppData\Local\Temp\surefire152786258147219346\surefirebooter4959879534669321375.jar"/>
    <property name="sun.boot.class.path" value="C:\Program Files\Java\jdk1.8.0_92\jre\lib\resources.jar;C:\Program Files\Java\jdk1.8.0_92\jre\lib\rt.jar;C:\Program Files\Java\jdk1.8.0_92\jre\lib\sunrsasign.jar;C:\Program Files\Java\jdk1.8.0_92\jre\lib\jsse.jar;C:\Program Files\Java\jdk1.8.0_92\jre\lib\jce.jar;C:\Program Files\Java\jdk1.8.0_92\jre\lib\charsets.jar;C:\Program Files\Java\jdk1.8.0_92\jre\lib\jfr.jar;C:\Program Files\Java\jdk1.8.0_92\jre\classes"/>
    <property name="user.script" value=""/>
    <property name="sun.management.compiler" value="HotSpot 64-Bit Tiered Compilers"/>
    <property name="java.runtime.version" value="1.8.0_92-b14"/>
    <property name="user.name" value="mo"/>
    <property name="path.separator" value=";"/>
    <property name="os.version" value="10.0"/>
    <property name="java.endorsed.dirs" value="C:\Program Files\Java\jdk1.8.0_92\jre\lib\endorsed"/>
    <property name="java.runtime.name" value="Java(TM) SE Runtime Environment"/>
    <property name="file.encoding" value="GBK"/>
    <property name="java.vm.name" value="Java HotSpot(TM) 64-Bit Server VM"/>
    <property name="localRepository" value="E:\tools\myRepository"/>
    <property name="java.vendor.url.bug" value="http://bugreport.sun.com/bugreport/"/>
    <property name="java.io.tmpdir" value="C:\Users\22879\AppData\Local\Temp\"/>
    <property name="java.version" value="1.8.0_92"/>
    <property name="user.dir" value="F:\IdeaProjects\inventory_management_system"/>
    <property name="os.arch" value="amd64"/>
    <property name="java.vm.specification.name" value="Java Virtual Machine Specification"/>
    <property name="java.awt.printerjob" value="sun.awt.windows.WPrinterJob"/>
    <property name="sun.os.patch.level" value=""/>
    <property name="java.library.path" value="C:\Program Files\Java\jdk1.8.0_92\jre\bin;C:\WINDOWS\Sun\Java\bin;C:\WINDOWS\system32;C:\WINDOWS;D:\app\mo\product\11.2.0\dbhome_1\bin;C:\Program Files\Java\jdk1.8.0_92\bin;D:\apache-tomcat-8.5.33\bin;C:\WINDOWS\system32;C:\WINDOWS;C:\WINDOWS\System32\Wbem;C:\WINDOWS\System32\WindowsPowerShell\v1.0\;C:\WINDOWS\System32\OpenSSH\;C:\Program Files (x86)\NVIDIA Corporation\PhysX\Common;C:\Program Files (x86)\Windows Kits\10\Windows Performance Toolkit\;D:\Program Files\mysql-5.7.26\bin;D:\apache-maven-3.6.0\bin;D:\Program Files (x86)\HP\Unified Functional Testing\bin;C:\WINDOWS\system32;C:\WINDOWS;C:\WINDOWS\System32\Wbem;C:\WINDOWS\System32\WindowsPowerShell\v1.0\;C:\WINDOWS\System32\OpenSSH\;d:\Program Files\Git\cmd;C:\Program Files\TortoiseGit\bin;D:\Program Files (x86)\Microsoft Visual Studio\Common\Tools\WinNT;D:\Program Files (x86)\Microsoft Visual Studio\Common\MSDev98\Bin;D:\Program Files (x86)\Microsoft Visual Studio\Common\Tools;D:\Program Files (x86)\Microsoft Visual Studio\VC98\bin;%USERPROFILE%\AppData\Local\Microsoft\WindowsApps;;."/>
    <property name="java.vm.info" value="mixed mode"/>
    <property name="java.vendor" value="Oracle Corporation"/>
    <property name="java.vm.version" value="25.92-b14"/>
    <property name="java.ext.dirs" value="C:\Program Files\Java\jdk1.8.0_92\jre\lib\ext;C:\WINDOWS\Sun\Java\lib\ext"/>
    <property name="sun.io.unicode.encoding" value="UnicodeLittle"/>
    <property name="maven.repo.local" value="E:\tools\myRepository"/>
    <property name="java.class.version" value="52.0"/>
  </properties>
  <testcase name="contextLoads" classname="com.mo.MoApplicationTests" time="0.293"/>
</testsuite>